
### TDA POSITION OBJECT ###
{'accountId': 123456789,
 'cancelTime': '2021-04-19',
 'cancelable': False,
 'closeTime': '2020-10-21T18:01:04+0000',
 'complexOrderStrategyType': 'NONE',
 'destinationLinkName': 'NITE',
 'duration': 'GOOD_TILL_CANCEL',
 'editable': False,
 'enteredTime': '2020-10-21T18:01:04+0000',
 'filledQuantity': 1.0,
 'orderActivityCollection': [{'activityType': 'EXECUTION',
                              'executionLegs': [{'legId': 1,
                                                 'mismarkedQuantity': 0.0,
                                                 'price': 25.62,
                                                 'quantity': 1.0,
                                                 'time': '2020-10-21T18:01:04+0000'}],
                              'executionType': 'FILL',
                              'orderRemainingQuantity': 0.0,
                              'quantity': 1.0}],
 'orderId': 1598640932,
 'orderLegCollection': [{'instruction': 'SELL',
                         'instrument': {'assetType': 'EQUITY',
                                        'cusip': 'G0750C108',
                                        'symbol': 'AXTA'},
                         'legId': 1,
                         'orderLegType': 'EQUITY',
                         'positionEffect': 'CLOSING',
                         'quantity': 1.0}],
 'orderStrategyType': 'SINGLE',
 'orderType': 'LIMIT',
 'price': 25.49,
 'quantity': 1.0,
 'remainingQuantity': 0.0,
 'requestedDestination': 'AUTO',
 'session': 'SEAMLESS',
 'status': 'FILLED',
 'tag': 'AA_JohnDoe'}